{"C:\\Users\\Cris\\Desktop\\FUTURE4\\Caroline\\semana-11\\planner\\planner-boilerplate\\src\\actions\\allActions.js": {"path":"C:\\Users\\Cris\\Desktop\\FUTURE4\\Caroline\\semana-11\\planner\\planner-boilerplate\\src\\actions\\allActions.js","statementMap":{"0":{"start":{"line":4,"column":30},"end":{"line":9,"column":4}},"1":{"start":{"line":4,"column":42},"end":{"line":9,"column":3}},"2":{"start":{"line":11,"column":24},"end":{"line":16,"column":3}},"3":{"start":{"line":11,"column":30},"end":{"line":16,"column":3}},"4":{"start":{"line":12,"column":21},"end":{"line":13,"column":89}},"5":{"start":{"line":15,"column":6},"end":{"line":15,"column":46}},"6":{"start":{"line":19,"column":27},"end":{"line":32,"column":1}},"7":{"start":{"line":19,"column":41},"end":{"line":32,"column":1}},"8":{"start":{"line":21,"column":17},"end":{"line":24,"column":5}},"9":{"start":{"line":26,"column":18},"end":{"line":27,"column":5}},"10":{"start":{"line":29,"column":4},"end":{"line":31,"column":5}},"11":{"start":{"line":30,"column":8},"end":{"line":30,"column":28}}},"fnMap":{"0":{"name":"(anonymous_0)","decl":{"start":{"line":4,"column":30},"end":{"line":4,"column":31}},"loc":{"start":{"line":4,"column":42},"end":{"line":9,"column":3}},"line":4},"1":{"name":"(anonymous_1)","decl":{"start":{"line":11,"column":24},"end":{"line":11,"column":25}},"loc":{"start":{"line":11,"column":30},"end":{"line":16,"column":3}},"line":11},"2":{"name":"(anonymous_2)","decl":{"start":{"line":11,"column":30},"end":{"line":11,"column":31}},"loc":{"start":{"line":11,"column":60},"end":{"line":16,"column":3}},"line":11},"3":{"name":"(anonymous_3)","decl":{"start":{"line":19,"column":27},"end":{"line":19,"column":28}},"loc":{"start":{"line":19,"column":41},"end":{"line":32,"column":1}},"line":19},"4":{"name":"(anonymous_4)","decl":{"start":{"line":19,"column":41},"end":{"line":19,"column":42}},"loc":{"start":{"line":19,"column":61},"end":{"line":32,"column":1}},"line":19}},"branchMap":{"0":{"loc":{"start":{"line":29,"column":4},"end":{"line":31,"column":5}},"type":"if","locations":[{"start":{"line":29,"column":4},"end":{"line":31,"column":5}},{"start":{"line":29,"column":4},"end":{"line":31,"column":5}}],"line":29}},"s":{"0":0,"1":0,"2":0,"3":0,"4":0,"5":0,"6":0,"7":0,"8":0,"9":0,"10":0,"11":0},"f":{"0":0,"1":0,"2":0,"3":0,"4":0},"b":{"0":[0,0]},"hash":"1a699b638f5587add62a71440fe160ce84f3b526"}
,"C:\\Users\\Cris\\Desktop\\FUTURE4\\Caroline\\semana-11\\planner\\planner-boilerplate\\src\\containers\\Create\\index.js": {"path":"C:\\Users\\Cris\\Desktop\\FUTURE4\\Caroline\\semana-11\\planner\\planner-boilerplate\\src\\containers\\Create\\index.js","statementMap":{"0":{"start":{"line":13,"column":15},"end":{"line":18,"column":4}},"1":{"start":{"line":13,"column":25},"end":{"line":18,"column":3}},"2":{"start":{"line":21,"column":19},"end":{"line":26,"column":1}},"3":{"start":{"line":30,"column":12},"end":{"line":30,"column":24}},"4":{"start":{"line":31,"column":12},"end":{"line":35,"column":13}},"5":{"start":{"line":39,"column":20},"end":{"line":43,"column":5}},"6":{"start":{"line":40,"column":8},"end":{"line":42,"column":11}},"7":{"start":{"line":45,"column":22},"end":{"line":49,"column":5}},"8":{"start":{"line":46,"column":8},"end":{"line":48,"column":11}},"9":{"start":{"line":51,"column":19},"end":{"line":55,"column":5}},"10":{"start":{"line":52,"column":38},"end":{"line":52,"column":48}},"11":{"start":{"line":53,"column":8},"end":{"line":53,"column":55}},"12":{"start":{"line":70,"column":4},"end":{"line":99,"column":9}},"13":{"start":{"line":103,"column":27},"end":{"line":105,"column":2}},"14":{"start":{"line":103,"column":40},"end":{"line":105,"column":1}},"15":{"start":{"line":104,"column":46},"end":{"line":104,"column":88}}},"fnMap":{"0":{"name":"(anonymous_0)","decl":{"start":{"line":13,"column":15},"end":{"line":13,"column":16}},"loc":{"start":{"line":13,"column":25},"end":{"line":18,"column":3}},"line":13},"1":{"name":"(anonymous_1)","decl":{"start":{"line":29,"column":8},"end":{"line":29,"column":9}},"loc":{"start":{"line":29,"column":27},"end":{"line":36,"column":9}},"line":29},"2":{"name":"(anonymous_2)","decl":{"start":{"line":39,"column":20},"end":{"line":39,"column":21}},"loc":{"start":{"line":39,"column":31},"end":{"line":43,"column":5}},"line":39},"3":{"name":"(anonymous_3)","decl":{"start":{"line":45,"column":22},"end":{"line":45,"column":23}},"loc":{"start":{"line":45,"column":33},"end":{"line":49,"column":5}},"line":45},"4":{"name":"(anonymous_4)","decl":{"start":{"line":51,"column":19},"end":{"line":51,"column":20}},"loc":{"start":{"line":51,"column":25},"end":{"line":55,"column":5}},"line":51},"5":{"name":"(anonymous_5)","decl":{"start":{"line":68,"column":0},"end":{"line":68,"column":1}},"loc":{"start":{"line":68,"column":14},"end":{"line":100,"column":5}},"line":68},"6":{"name":"(anonymous_6)","decl":{"start":{"line":103,"column":27},"end":{"line":103,"column":28}},"loc":{"start":{"line":103,"column":40},"end":{"line":105,"column":1}},"line":103},"7":{"name":"(anonymous_7)","decl":{"start":{"line":104,"column":22},"end":{"line":104,"column":23}},"loc":{"start":{"line":104,"column":46},"end":{"line":104,"column":88}},"line":104}},"branchMap":{},"s":{"0":0,"1":0,"2":0,"3":0,"4":0,"5":0,"6":0,"7":0,"8":0,"9":0,"10":0,"11":0,"12":0,"13":0,"14":0,"15":0},"f":{"0":0,"1":0,"2":0,"3":0,"4":0,"5":0,"6":0,"7":0},"b":{},"hash":"867c34f709603b7fd2e7d93b6ceb383ec98adb59"}
,"C:\\Users\\Cris\\Desktop\\FUTURE4\\Caroline\\semana-11\\planner\\planner-boilerplate\\src\\containers\\Planner\\index.js": {"path":"C:\\Users\\Cris\\Desktop\\FUTURE4\\Caroline\\semana-11\\planner\\planner-boilerplate\\src\\containers\\Planner\\index.js","statementMap":{"0":{"start":{"line":9,"column":4},"end":{"line":16,"column":5}}},"fnMap":{"0":{"name":"(anonymous_0)","decl":{"start":{"line":8,"column":2},"end":{"line":8,"column":3}},"loc":{"start":{"line":8,"column":11},"end":{"line":17,"column":3}},"line":8}},"branchMap":{},"s":{"0":0},"f":{"0":0},"b":{},"hash":"a5a9d90681b12e5143b68988ce47e3c3bd162552"}
,"C:\\Users\\Cris\\Desktop\\FUTURE4\\Caroline\\semana-11\\planner\\planner-boilerplate\\src\\containers\\Table\\index.js": {"path":"C:\\Users\\Cris\\Desktop\\FUTURE4\\Caroline\\semana-11\\planner\\planner-boilerplate\\src\\containers\\Table\\index.js","statementMap":{"0":{"start":{"line":17,"column":24},"end":{"line":25,"column":14}},"1":{"start":{"line":17,"column":45},"end":{"line":25,"column":1}},"2":{"start":{"line":29,"column":4},"end":{"line":29,"column":32}},"3":{"start":{"line":32,"column":6},"end":{"line":32,"column":18}},"4":{"start":{"line":33,"column":6},"end":{"line":34,"column":5}},"5":{"start":{"line":40,"column":2},"end":{"line":40,"column":31}},"6":{"start":{"line":42,"column":2},"end":{"line":45,"column":1}},"7":{"start":{"line":43,"column":4},"end":{"line":43,"column":10}},"8":{"start":{"line":44,"column":6},"end":{"line":44,"column":68}},"9":{"start":{"line":44,"column":39},"end":{"line":44,"column":65}},"10":{"start":{"line":47,"column":2},"end":{"line":97,"column":6}},"11":{"start":{"line":56,"column":59},"end":{"line":56,"column":85}},"12":{"start":{"line":101,"column":0},"end":{"line":103,"column":2}},"13":{"start":{"line":105,"column":24},"end":{"line":107,"column":2}},"14":{"start":{"line":105,"column":34},"end":{"line":107,"column":1}},"15":{"start":{"line":109,"column":27},"end":{"line":112,"column":2}},"16":{"start":{"line":109,"column":40},"end":{"line":112,"column":1}},"17":{"start":{"line":110,"column":24},"end":{"line":110,"column":44}}},"fnMap":{"0":{"name":"(anonymous_0)","decl":{"start":{"line":17,"column":35},"end":{"line":17,"column":36}},"loc":{"start":{"line":17,"column":45},"end":{"line":25,"column":1}},"line":17},"1":{"name":"(anonymous_1)","decl":{"start":{"line":28,"column":2},"end":{"line":28,"column":3}},"loc":{"start":{"line":28,"column":21},"end":{"line":30,"column":3}},"line":28},"2":{"name":"(anonymous_2)","decl":{"start":{"line":31,"column":2},"end":{"line":31,"column":3}},"loc":{"start":{"line":31,"column":21},"end":{"line":35,"column":3}},"line":31},"3":{"name":"(anonymous_3)","decl":{"start":{"line":39,"column":0},"end":{"line":39,"column":1}},"loc":{"start":{"line":39,"column":15},"end":{"line":98,"column":3}},"line":39},"4":{"name":"(anonymous_4)","decl":{"start":{"line":44,"column":27},"end":{"line":44,"column":28}},"loc":{"start":{"line":44,"column":37},"end":{"line":44,"column":67}},"line":44},"5":{"name":"(anonymous_5)","decl":{"start":{"line":56,"column":47},"end":{"line":56,"column":48}},"loc":{"start":{"line":56,"column":57},"end":{"line":56,"column":87}},"line":56},"6":{"name":"(anonymous_6)","decl":{"start":{"line":105,"column":24},"end":{"line":105,"column":25}},"loc":{"start":{"line":105,"column":34},"end":{"line":107,"column":1}},"line":105},"7":{"name":"(anonymous_7)","decl":{"start":{"line":109,"column":27},"end":{"line":109,"column":28}},"loc":{"start":{"line":109,"column":40},"end":{"line":112,"column":1}},"line":109},"8":{"name":"(anonymous_8)","decl":{"start":{"line":110,"column":18},"end":{"line":110,"column":19}},"loc":{"start":{"line":110,"column":24},"end":{"line":110,"column":44}},"line":110}},"branchMap":{"0":{"loc":{"start":{"line":42,"column":2},"end":{"line":45,"column":1}},"type":"if","locations":[{"start":{"line":42,"column":2},"end":{"line":45,"column":1}},{"start":{"line":42,"column":2},"end":{"line":45,"column":1}}],"line":42}},"s":{"0":0,"1":0,"2":0,"3":0,"4":0,"5":0,"6":0,"7":0,"8":0,"9":0,"10":0,"11":0,"12":0,"13":0,"14":0,"15":0,"16":0,"17":0},"f":{"0":0,"1":0,"2":0,"3":0,"4":0,"5":0,"6":0,"7":0,"8":0},"b":{"0":[0,0]},"hash":"49019155d6fd30c4ccb5c80d494f1d5d8298c6dd"}
,"C:\\Users\\Cris\\Desktop\\FUTURE4\\Caroline\\semana-11\\planner\\planner-boilerplate\\src\\reducers\\index.js": {"path":"C:\\Users\\Cris\\Desktop\\FUTURE4\\Caroline\\semana-11\\planner\\planner-boilerplate\\src\\reducers\\index.js","statementMap":{"0":{"start":{"line":4,"column":27},"end":{"line":6,"column":2}}},"fnMap":{},"branchMap":{},"s":{"0":0},"f":{},"b":{},"hash":"a5a64fe2ef14d891c3524828db66690c5935d290"}
,"C:\\Users\\Cris\\Desktop\\FUTURE4\\Caroline\\semana-11\\planner\\planner-boilerplate\\src\\reducers\\tasks.js": {"path":"C:\\Users\\Cris\\Desktop\\FUTURE4\\Caroline\\semana-11\\planner\\planner-boilerplate\\src\\reducers\\tasks.js","statementMap":{"0":{"start":{"line":2,"column":21},"end":{"line":5,"column":3}},"1":{"start":{"line":7,"column":16},"end":{"line":14,"column":3}},"2":{"start":{"line":8,"column":4},"end":{"line":13,"column":5}},"3":{"start":{"line":10,"column":12},"end":{"line":10,"column":61}},"4":{"start":{"line":12,"column":12},"end":{"line":12,"column":25}}},"fnMap":{"0":{"name":"(anonymous_0)","decl":{"start":{"line":7,"column":16},"end":{"line":7,"column":17}},"loc":{"start":{"line":7,"column":50},"end":{"line":14,"column":3}},"line":7}},"branchMap":{"0":{"loc":{"start":{"line":7,"column":17},"end":{"line":7,"column":37}},"type":"default-arg","locations":[{"start":{"line":7,"column":25},"end":{"line":7,"column":37}}],"line":7},"1":{"loc":{"start":{"line":8,"column":4},"end":{"line":13,"column":5}},"type":"switch","locations":[{"start":{"line":9,"column":8},"end":{"line":10,"column":61}},{"start":{"line":11,"column":8},"end":{"line":12,"column":25}}],"line":8}},"s":{"0":0,"1":0,"2":0,"3":0,"4":0},"f":{"0":0},"b":{"0":[0],"1":[0,0]},"hash":"8c9b05487591eac449fd7ea3b554e7122800c1e0"}
}
